<?xml version="1.0" encoding="UTF-8"?>
<!-- Generated by org.testng.reporters.JUnitXMLReporter -->
<testsuite ignored="0" hostname="LAPTOP-VO66K1SJ" failures="0" tests="7" name="Test" time="17.992" errors="0" timestamp="2024-10-05T10:33:04 IST">
  <testcase classname="com.tests.LoginTest" name="@AfterMethod doAssert" time="5.531">
    <failure type="java.lang.AssertionError" message="expected [Log in to Facebook] but found [Facebook]">
      <![CDATA[java.lang.AssertionError: expected [Log in to Facebook] but found [Facebook]
at com.tests.LoginTest.doAssert(LoginTest.java:41)
at java.base/java.util.ArrayList.forEach(ArrayList.java:1511)
... Removed 38 stack frames]]>
    </failure>
  </testcase> <!-- @AfterMethod doAssert -->
  <testcase classname="com.tests.LoginTest" name="@BeforeMethod locateElements" time="0.0">
    <skipped/>
  </testcase> <!-- @BeforeMethod locateElements -->
  <testcase classname="com.tests.LoginTest" name="@AfterMethod doAssert" time="0.0">
    <skipped/>
  </testcase> <!-- @AfterMethod doAssert -->
  <testcase classname="com.tests.LoginTest" name="@BeforeMethod locateElements" time="0.0">
    <skipped/>
  </testcase> <!-- @BeforeMethod locateElements -->
  <testcase classname="com.tests.LoginTest" name="@AfterMethod doAssert" time="0.0">
    <skipped/>
  </testcase> <!-- @AfterMethod doAssert -->
  <testcase classname="com.tests.LoginTest" name="@BeforeMethod locateElements" time="0.0">
    <skipped/>
  </testcase> <!-- @BeforeMethod locateElements -->
  <testcase classname="com.tests.LoginTest" name="@AfterMethod doAssert" time="0.0">
    <skipped/>
  </testcase> <!-- @AfterMethod doAssert -->
  <testcase classname="com.tests.LoginTest" name="doLogin" time="0.529"/>
  <testcase classname="com.tests.LoginTest" name="doLogin" time="0.323"/>
  <testcase classname="com.tests.LoginTest" name="doLogin" time="0.35"/>
  <testcase classname="com.tests.LoginTest" name="doLogin" time="0.452"/>
  <testcase classname="com.tests.LoginTest" name="doLogin" time="0.0">
    <skipped/>
  </testcase> <!-- doLogin -->
  <testcase classname="com.tests.LoginTest" name="doLogin" time="0.0">
    <skipped/>
  </testcase> <!-- doLogin -->
  <testcase classname="com.tests.LoginTest" name="doLogin" time="0.0">
    <skipped/>
  </testcase> <!-- doLogin -->
</testsuite> <!-- Test -->
